<?xml version="1.0" encoding="UTF-8"?>
<!-- Generated by org.testng.reporters.JUnitXMLReporter -->
<testsuite ignored="0" hostname="DESKTOP-6DB6VHT" failures="2" tests="3" name="createTest" time="4.742" errors="0" timestamp="2023-01-17T22:14:50 IST">
  <testcase classname="TestNGpkg.Rediff_formtest" name="logotest" time="0.0">
    <failure type="org.testng.TestNGException" message="
Parameter &amp;apos;logo&amp;apos; is required by @Test on method logotest but has not been marked @Optional or defined
in C:\Users\OmA\eclipse-workspace\Webdriveroctober\rediff_testng.xml">
      <![CDATA[org.testng.TestNGException: 
Parameter 'logo' is required by @Test on method logotest but has not been marked @Optional or defined
in C:\Users\OmA\eclipse-workspace\Webdriveroctober\rediff_testng.xml
at java.base/java.util.ArrayList.forEach(ArrayList.java:1511)
... Removed 26 stack frames]]>
    </failure>
  </testcase> <!-- logotest -->
  <testcase classname="TestNGpkg.Rediff_formtest" name="createaccounttag" time="0.216"/>
  <testcase classname="TestNGpkg.Rediff_formtest" name="valuepassing" time="0.0">
    <failure type="org.testng.TestNGException" message="
Parameter &amp;apos;value&amp;apos; is required by @Test on method valuepassing but has not been marked @Optional or defined
in C:\Users\OmA\eclipse-workspace\Webdriveroctober\rediff_testng.xml">
      <![CDATA[org.testng.TestNGException: 
Parameter 'value' is required by @Test on method valuepassing but has not been marked @Optional or defined
in C:\Users\OmA\eclipse-workspace\Webdriveroctober\rediff_testng.xml
at java.base/java.util.ArrayList.forEach(ArrayList.java:1511)
... Removed 26 stack frames]]>
    </failure>
  </testcase> <!-- valuepassing -->
</testsuite> <!-- createTest -->
