<?xml version="1.0" encoding="UTF-8"?>
<!-- Generated by org.testng.reporters.JUnitXMLReporter -->
<testsuite ignored="0" hostname="DESKTOP-6DB6VHT" failures="3" tests="3" name="valueTest" time="7.622" errors="0" timestamp="2023-01-17T22:14:58 IST">
  <testcase classname="TestNGpkg.Rediff_formtest" name="logotest" time="0.0">
    <failure type="org.testng.TestNGException" message="
Parameter &amp;apos;logo&amp;apos; is required by @Test on method logotest but has not been marked @Optional or defined
in C:\Users\OmA\eclipse-workspace\Webdriveroctober\rediff_testng.xml">
      <![CDATA[org.testng.TestNGException: 
Parameter 'logo' is required by @Test on method logotest but has not been marked @Optional or defined
in C:\Users\OmA\eclipse-workspace\Webdriveroctober\rediff_testng.xml
at java.base/java.util.ArrayList.forEach(ArrayList.java:1511)
... Removed 26 stack frames]]>
    </failure>
  </testcase> <!-- logotest -->
  <testcase classname="TestNGpkg.Rediff_formtest" name="createaccounttag" time="0.0">
    <failure type="org.testng.TestNGException" message="
Parameter &amp;apos;create&amp;apos; is required by @Test on method createaccounttag but has not been marked @Optional or defined
in C:\Users\OmA\eclipse-workspace\Webdriveroctober\rediff_testng.xml">
      <![CDATA[org.testng.TestNGException: 
Parameter 'create' is required by @Test on method createaccounttag but has not been marked @Optional or defined
in C:\Users\OmA\eclipse-workspace\Webdriveroctober\rediff_testng.xml
at java.base/java.util.ArrayList.forEach(ArrayList.java:1511)
... Removed 26 stack frames]]>
    </failure>
  </testcase> <!-- createaccounttag -->
  <testcase classname="TestNGpkg.Rediff_formtest" name="valuepassing" time="3.315">
    <failure type="org.openqa.selenium.support.ui.UnexpectedTagNameException" message="Element should have been &amp;quot;select&amp;quot; but was &amp;quot;span&amp;quot;
Build info: version: &amp;apos;4.7.2&amp;apos;, revision: &amp;apos;4d4020c3b7&amp;apos;
System info: os.name: &amp;apos;Windows 10&amp;apos;, os.arch: &amp;apos;amd64&amp;apos;, os.version: &amp;apos;10.0&amp;apos;, java.version: &amp;apos;17.0.4.1&amp;apos;
Driver info: driver.version: unknown">
      <![CDATA[org.openqa.selenium.support.ui.UnexpectedTagNameException: Element should have been "select" but was "span"
Build info: version: '4.7.2', revision: '4d4020c3b7'
System info: os.name: 'Windows 10', os.arch: 'amd64', os.version: '10.0', java.version: '17.0.4.1'
Driver info: driver.version: unknown
at org.openqa.selenium.support.ui.Select.<init>(Select.java:49)
at TestNGpkg.Rediff_formtest.valuepassing(Rediff_formtest.java:107)
at java.base/java.util.ArrayList.forEach(ArrayList.java:1511)
... Removed 27 stack frames]]>
    </failure>
  </testcase> <!-- valuepassing -->
</testsuite> <!-- valueTest -->
